[2021-12-18 06:58:13] START
[2022-01-11 12:03:23] EDIT QuickTime/views/default/contact_us.html: 1
[2022-01-11 12:03:46] EDIT QuickTime/views/default/contact_us.html: -1
[2022-01-14 03:00:28] EDIT QuickTime/controllers/default.py: 1
[2022-01-14 03:02:00] EDIT QuickTime/controllers/default.py: 0
[2022-06-29 08:57:00] EDIT QuickTime/models/db_custom.py: 5
[2022-06-29 08:57:02] EDIT QuickTime/models/db_custom.py: 0
[2022-06-29 09:01:47] EDIT QuickTime/models/db_custom.py: -5
[2022-06-29 13:56:18] EDIT QuickTime/views/default/index.html: 2
[2022-06-29 13:56:21] EDIT QuickTime/views/default/index.html: 0
[2022-06-29 13:56:37] EDIT QuickTime/views/default/index.html: 0
[2022-06-29 13:56:43] EDIT QuickTime/views/default/index.html: 0
[2022-06-29 13:56:53] EDIT QuickTime/views/default/index.html: 0
[2022-06-29 13:57:11] EDIT QuickTime/views/default/index.html: 0
[2022-06-29 13:57:44] EDIT QuickTime/views/default/index.html: 0
[2022-06-29 13:58:10] EDIT QuickTime/views/default/index.html: 0
[2022-06-29 13:58:15] EDIT QuickTime/views/default/index.html: 0
[2022-06-29 13:58:53] EDIT QuickTime/views/default/index.html: 0
[2022-06-29 13:59:27] EDIT QuickTime/views/default/index.html: 0
[2022-06-29 13:59:28] EDIT QuickTime/views/default/index.html: 0
[2022-06-29 14:12:41] CREATE film_info.html: 0
[2022-06-29 14:14:41] CREATE default/film_info.html: 0
