[2021-12-18 06:58:13] START
[2023-03-21 11:16:33] EDIT pioneer_prototype/controllers/default.py: 0
[2023-03-21 11:24:41] EDIT pioneer_prototype/views/default/contact_us.html: 0
[2023-03-21 11:24:47] EDIT pioneer_prototype/views/default/contact_us.html: 0
[2023-03-21 11:31:23] EDIT pioneer_prototype/views/default/contact_us.html: 0
[2023-03-21 11:31:24] EDIT pioneer_prototype/views/default/contact_us.html: 0
[2023-03-21 11:31:25] EDIT pioneer_prototype/views/default/contact_us.html: 0
[2023-03-21 11:49:00] EDIT pioneer_prototype/views/default/user.html: 0
[2023-03-21 11:50:57] CREATE user/add.html: 0
[2023-03-21 11:53:40] EDIT pioneer_prototype/views/layout.html: -8
[2023-03-21 11:53:41] EDIT pioneer_prototype/views/layout.html: 0
[2023-03-21 11:53:46] EDIT pioneer_prototype/views/layout.html: -1
[2023-03-21 11:53:47] EDIT pioneer_prototype/views/layout.html: 0
[2023-03-21 11:53:55] EDIT pioneer_prototype/views/layout.html: 0
[2023-03-21 11:53:56] EDIT pioneer_prototype/views/layout.html: 0
[2023-03-21 11:53:57] EDIT pioneer_prototype/views/layout.html: 0
[2023-03-21 11:54:01] EDIT pioneer_prototype/views/layout.html: 0
[2023-03-21 11:55:23] EDIT pioneer_prototype/views/layout.html: 8
[2023-03-21 11:55:24] EDIT pioneer_prototype/views/layout.html: 0
[2023-03-21 11:55:26] EDIT pioneer_prototype/views/layout.html: 0
[2023-03-21 11:55:28] EDIT pioneer_prototype/views/layout.html: 0
[2023-03-21 11:55:29] EDIT pioneer_prototype/views/layout.html: 0
[2023-03-21 11:56:40] EDIT pioneer_prototype/views/layout.html: 2
[2023-03-21 11:57:48] EDIT pioneer_prototype/views/layout.html: 6
[2023-03-21 11:58:44] EDIT pioneer_prototype/views/layout.html: 0
[2023-03-21 11:58:58] EDIT pioneer_prototype/views/layout.html: 0
[2023-03-21 11:59:04] EDIT pioneer_prototype/views/layout.html: 0
[2023-03-21 11:59:42] EDIT pioneer_prototype/views/layout.html: 0
[2023-03-21 11:59:44] EDIT pioneer_prototype/views/layout.html: 0
[2023-03-21 11:59:45] EDIT pioneer_prototype/views/layout.html: 0
[2023-03-21 12:00:16] EDIT pioneer_prototype/views/layout.html: 0
[2023-03-21 12:00:19] EDIT pioneer_prototype/views/layout.html: -1
[2023-03-21 12:00:26] EDIT pioneer_prototype/views/layout.html: 0
[2023-03-21 12:00:33] EDIT pioneer_prototype/views/layout.html: 0
[2023-03-21 12:00:34] EDIT pioneer_prototype/views/layout.html: 0
[2023-03-21 12:00:41] EDIT pioneer_prototype/views/layout.html: 0
[2023-03-21 12:00:53] EDIT pioneer_prototype/views/layout.html: -1
[2023-03-21 12:01:15] EDIT pioneer_prototype/views/layout.html: 0
[2023-03-21 12:01:27] EDIT pioneer_prototype/views/layout.html: 0
[2023-03-21 12:01:45] EDIT pioneer_prototype/views/layout.html: 0
[2023-03-21 12:04:28] EDIT pioneer_prototype/views/layout.html: 0
[2023-03-21 12:04:32] EDIT pioneer_prototype/views/layout.html: 0
[2023-03-21 12:04:34] EDIT pioneer_prototype/views/layout.html: 0
[2023-03-21 12:04:36] EDIT pioneer_prototype/views/layout.html: 0
[2023-03-21 12:05:54] CREATE user.py: 0
[2023-03-21 12:06:21] EDIT pioneer_prototype/controllers/user.py: 8
[2023-03-21 12:06:24] EDIT pioneer_prototype/controllers/user.py: 0
[2023-03-21 12:06:26] EDIT pioneer_prototype/controllers/user.py: 0
[2023-03-21 12:06:29] EDIT pioneer_prototype/controllers/user.py: 0
[2023-03-21 12:06:33] EDIT pioneer_prototype/controllers/user.py: 0
[2023-03-21 12:06:36] EDIT pioneer_prototype/controllers/user.py: 0
[2023-03-21 12:06:37] EDIT pioneer_prototype/controllers/user.py: 0
[2023-03-21 12:06:38] EDIT pioneer_prototype/controllers/user.py: 0
[2023-03-21 12:06:39] EDIT pioneer_prototype/controllers/user.py: 0
[2023-03-21 12:06:42] EDIT pioneer_prototype/controllers/user.py: 0
[2023-03-21 12:06:45] EDIT pioneer_prototype/controllers/user.py: 0
[2023-03-21 12:12:27] EDIT pioneer_prototype/controllers/user.py: 0
[2023-03-21 12:12:32] CREATE user/index.html: 0
[2023-03-21 12:21:58] EDIT pioneer_prototype/models/db_custom.py: 2
[2023-03-21 12:22:01] EDIT pioneer_prototype/models/db_custom.py: 0
[2023-03-21 12:22:09] EDIT pioneer_prototype/models/db_custom.py: 0
[2023-03-21 12:22:10] EDIT pioneer_prototype/models/db_custom.py: 0
[2023-03-21 12:26:49] EDIT pioneer_prototype/models/db_custom.py: 0
[2023-03-21 12:26:50] EDIT pioneer_prototype/models/db_custom.py: 0
[2023-03-21 12:26:59] EDIT pioneer_prototype/models/db_custom.py: 0
[2023-03-21 12:27:03] EDIT pioneer_prototype/models/db_custom.py: 0
[2023-03-21 12:27:06] EDIT pioneer_prototype/models/db_custom.py: 0
[2023-03-21 12:27:07] EDIT pioneer_prototype/models/db_custom.py: 0
[2023-03-21 12:27:08] EDIT pioneer_prototype/models/db_custom.py: 0
[2023-03-21 12:28:19] EDIT pioneer_prototype/views/user/index.html: 16
[2023-03-21 12:29:14] EDIT pioneer_prototype/models/db_custom.py: 2
[2023-03-21 12:29:24] EDIT pioneer_prototype/models/db_custom.py: 0
[2023-03-21 12:29:32] EDIT pioneer_prototype/models/db_custom.py: 1
[2023-03-21 12:29:38] EDIT pioneer_prototype/models/db_custom.py: 0
[2023-03-21 12:31:35] EDIT pioneer_prototype/models/db_custom.py: 0
[2023-03-21 12:31:47] EDIT pioneer_prototype/models/db_custom.py: 0
[2023-03-21 12:40:22] EDIT pioneer_prototype/models/db_custom.py: 0
[2023-03-21 12:40:38] EDIT pioneer_prototype/models/db_custom.py: 0
[2023-03-21 12:41:04] EDIT pioneer_prototype/views/layout.html: 0
[2023-03-21 12:41:05] EDIT pioneer_prototype/views/layout.html: 0
[2023-03-21 12:41:11] EDIT pioneer_prototype/views/layout.html: 0
[2023-03-21 12:42:10] CREATE caller.py: 0
[2023-03-21 12:43:17] EDIT pioneer_prototype/controllers/caller.py: 8
[2023-03-21 12:48:21] CREATE caller/index.html: 0
[2023-03-21 12:49:41] EDIT pioneer_prototype/views/caller/index.html: 18
[2023-03-21 12:50:02] CREATE caller/add.html: 0
[2023-03-21 12:50:15] EDIT pioneer_prototype/views/caller/add.html: 1
[2023-03-21 14:38:26] EDIT pioneer_prototype/controllers/caller.py: 0
[2023-03-21 14:42:23] EDIT pioneer_prototype/models/db_custom.py: -5
[2023-03-22 03:33:03] EDIT bootstrap_prototype/views/layout.html: -1
[2023-03-22 03:34:29] EDIT bootstrap_prototype/views/layout.html: 1
[2023-03-22 03:34:33] EDIT bootstrap_prototype/views/layout.html: 0
[2023-03-22 03:34:36] EDIT bootstrap_prototype/views/layout.html: 0
[2023-03-22 03:34:50] EDIT bootstrap_prototype/views/layout.html: 0
[2023-03-22 03:35:04] EDIT bootstrap_prototype/views/layout.html: 0
[2023-03-22 03:35:29] EDIT bootstrap_prototype/views/layout.html: 1
[2023-03-22 03:35:46] EDIT bootstrap_prototype/views/layout.html: 1
[2023-03-22 03:36:01] EDIT bootstrap_prototype/views/layout.html: 0
[2023-03-22 03:36:05] EDIT bootstrap_prototype/views/layout.html: 0
[2023-03-22 03:36:55] EDIT bootstrap_prototype/views/layout.html: 0
[2023-03-22 03:37:04] EDIT bootstrap_prototype/views/layout.html: 0
[2023-03-22 03:37:19] EDIT bootstrap_prototype/views/layout.html: 0
[2023-03-22 03:37:20] EDIT bootstrap_prototype/views/layout.html: 0
[2023-03-22 03:37:27] EDIT bootstrap_prototype/views/layout.html: 0
[2023-03-22 03:37:31] EDIT bootstrap_prototype/views/layout.html: 0
[2023-03-22 03:37:44] EDIT bootstrap_prototype/views/layout.html: 1
[2023-03-22 03:37:50] EDIT bootstrap_prototype/views/layout.html: 0
